Determining if the pthread_create exist failed with the following output:
Change Dir: /home/chesetti/projects/breakout/build/CMakeFiles/CMakeTmp

Run Build Command:"/usr/bin/ninja" "cmTC_d9192"
[1/2] Building C object CMakeFiles/cmTC_d9192.dir/CheckSymbolExists.c.o
[2/2] Linking C executable cmTC_d9192
FAILED: cmTC_d9192 
: && /usr/bin/cc   -rdynamic CMakeFiles/cmTC_d9192.dir/CheckSymbolExists.c.o  -o cmTC_d9192   && :
CMakeFiles/cmTC_d9192.dir/CheckSymbolExists.c.o: In function `main':
CheckSymbolExists.c:(.text+0x1b): undefined reference to `pthread_create'
collect2: error: ld returned 1 exit status
ninja: build stopped: subcommand failed.

File /home/chesetti/projects/breakout/build/CMakeFiles/CMakeTmp/CheckSymbolExists.c:
/* */
#include <pthread.h>

int main(int argc, char** argv)
{
  (void)argv;
#ifndef pthread_create
  return ((int*)(&pthread_create))[argc];
#else
  (void)argc;
  return 0;
#endif
}

Determining if the function pthread_create exists in the pthreads failed with the following output:
Change Dir: /home/chesetti/projects/breakout/build/CMakeFiles/CMakeTmp

Run Build Command:"/usr/bin/ninja" "cmTC_9c1f6"
[1/2] Building C object CMakeFiles/cmTC_9c1f6.dir/CheckFunctionExists.c.o
[2/2] Linking C executable cmTC_9c1f6
FAILED: cmTC_9c1f6 
: && /usr/bin/cc -DCHECK_FUNCTION_EXISTS=pthread_create  -rdynamic CMakeFiles/cmTC_9c1f6.dir/CheckFunctionExists.c.o  -o cmTC_9c1f6  -lpthreads && :
/usr/bin/ld: cannot find -lpthreads
collect2: error: ld returned 1 exit status
ninja: build stopped: subcommand failed.


Determining if the pthread_create exist failed with the following output:
Change Dir: /home/chesetti/projects/breakout/build/CMakeFiles/CMakeTmp

Run Build Command:"/usr/bin/ninja" "cmTC_a4e77"
[1/2] Building C object CMakeFiles/cmTC_a4e77.dir/CheckSymbolExists.c.o
[2/2] Linking C executable cmTC_a4e77
FAILED: cmTC_a4e77 
: && /usr/bin/cc   -rdynamic CMakeFiles/cmTC_a4e77.dir/CheckSymbolExists.c.o  -o cmTC_a4e77   && :
CMakeFiles/cmTC_a4e77.dir/CheckSymbolExists.c.o: In function `main':
CheckSymbolExists.c:(.text+0x1b): undefined reference to `pthread_create'
collect2: error: ld returned 1 exit status
ninja: build stopped: subcommand failed.

File /home/chesetti/projects/breakout/build/CMakeFiles/CMakeTmp/CheckSymbolExists.c:
/* */
#include <pthread.h>

int main(int argc, char** argv)
{
  (void)argv;
#ifndef pthread_create
  return ((int*)(&pthread_create))[argc];
#else
  (void)argc;
  return 0;
#endif
}

Determining if the function pthread_create exists in the pthreads failed with the following output:
Change Dir: /home/chesetti/projects/breakout/build/CMakeFiles/CMakeTmp

Run Build Command:"/usr/bin/ninja" "cmTC_cb3ae"
[1/2] Building C object CMakeFiles/cmTC_cb3ae.dir/CheckFunctionExists.c.o
[2/2] Linking C executable cmTC_cb3ae
FAILED: cmTC_cb3ae 
: && /usr/bin/cc -DCHECK_FUNCTION_EXISTS=pthread_create  -rdynamic CMakeFiles/cmTC_cb3ae.dir/CheckFunctionExists.c.o  -o cmTC_cb3ae  -lpthreads && :
/usr/bin/ld: cannot find -lpthreads
collect2: error: ld returned 1 exit status
ninja: build stopped: subcommand failed.


Determining if the pthread_create exist failed with the following output:
Change Dir: /home/chesetti/projects/breakout/build/CMakeFiles/CMakeTmp

Run Build Command:"/usr/bin/ninja" "cmTC_7ea0e"
[1/2] Building C object CMakeFiles/cmTC_7ea0e.dir/CheckSymbolExists.c.o
[2/2] Linking C executable cmTC_7ea0e
FAILED: cmTC_7ea0e 
: && /usr/bin/cc   -rdynamic CMakeFiles/cmTC_7ea0e.dir/CheckSymbolExists.c.o  -o cmTC_7ea0e   && :
CMakeFiles/cmTC_7ea0e.dir/CheckSymbolExists.c.o: In function `main':
CheckSymbolExists.c:(.text+0x1b): undefined reference to `pthread_create'
collect2: error: ld returned 1 exit status
ninja: build stopped: subcommand failed.

File /home/chesetti/projects/breakout/build/CMakeFiles/CMakeTmp/CheckSymbolExists.c:
/* */
#include <pthread.h>

int main(int argc, char** argv)
{
  (void)argv;
#ifndef pthread_create
  return ((int*)(&pthread_create))[argc];
#else
  (void)argc;
  return 0;
#endif
}

Determining if the function pthread_create exists in the pthreads failed with the following output:
Change Dir: /home/chesetti/projects/breakout/build/CMakeFiles/CMakeTmp

Run Build Command:"/usr/bin/ninja" "cmTC_ad476"
[1/2] Building C object CMakeFiles/cmTC_ad476.dir/CheckFunctionExists.c.o
[2/2] Linking C executable cmTC_ad476
FAILED: cmTC_ad476 
: && /usr/bin/cc -DCHECK_FUNCTION_EXISTS=pthread_create  -rdynamic CMakeFiles/cmTC_ad476.dir/CheckFunctionExists.c.o  -o cmTC_ad476  -lpthreads && :
/usr/bin/ld: cannot find -lpthreads
collect2: error: ld returned 1 exit status
ninja: build stopped: subcommand failed.


Determining if the pthread_create exist failed with the following output:
Change Dir: /home/chesetti/projects/breakout/build/CMakeFiles/CMakeTmp

Run Build Command:"/usr/bin/ninja" "cmTC_4d6b6"
[1/2] Building C object CMakeFiles/cmTC_4d6b6.dir/CheckSymbolExists.c.o
[2/2] Linking C executable cmTC_4d6b6
FAILED: cmTC_4d6b6 
: && /usr/bin/cc   -rdynamic CMakeFiles/cmTC_4d6b6.dir/CheckSymbolExists.c.o  -o cmTC_4d6b6   && :
CMakeFiles/cmTC_4d6b6.dir/CheckSymbolExists.c.o: In function `main':
CheckSymbolExists.c:(.text+0x1b): undefined reference to `pthread_create'
collect2: error: ld returned 1 exit status
ninja: build stopped: subcommand failed.

File /home/chesetti/projects/breakout/build/CMakeFiles/CMakeTmp/CheckSymbolExists.c:
/* */
#include <pthread.h>

int main(int argc, char** argv)
{
  (void)argv;
#ifndef pthread_create
  return ((int*)(&pthread_create))[argc];
#else
  (void)argc;
  return 0;
#endif
}

Determining if the function pthread_create exists in the pthreads failed with the following output:
Change Dir: /home/chesetti/projects/breakout/build/CMakeFiles/CMakeTmp

Run Build Command:"/usr/bin/ninja" "cmTC_0fe16"
[1/2] Building C object CMakeFiles/cmTC_0fe16.dir/CheckFunctionExists.c.o
[2/2] Linking C executable cmTC_0fe16
FAILED: cmTC_0fe16 
: && /usr/bin/cc -DCHECK_FUNCTION_EXISTS=pthread_create  -rdynamic CMakeFiles/cmTC_0fe16.dir/CheckFunctionExists.c.o  -o cmTC_0fe16  -lpthreads && :
/usr/bin/ld: cannot find -lpthreads
collect2: error: ld returned 1 exit status
ninja: build stopped: subcommand failed.


Determining if the pthread_create exist failed with the following output:
Change Dir: /home/chesetti/projects/breakout/build/CMakeFiles/CMakeTmp

Run Build Command:"/usr/bin/ninja" "cmTC_d0871"
[1/2] Building C object CMakeFiles/cmTC_d0871.dir/CheckSymbolExists.c.o
[2/2] Linking C executable cmTC_d0871
FAILED: cmTC_d0871 
: && /usr/bin/cc   -rdynamic CMakeFiles/cmTC_d0871.dir/CheckSymbolExists.c.o  -o cmTC_d0871   && :
CMakeFiles/cmTC_d0871.dir/CheckSymbolExists.c.o: In function `main':
CheckSymbolExists.c:(.text+0x1b): undefined reference to `pthread_create'
collect2: error: ld returned 1 exit status
ninja: build stopped: subcommand failed.

File /home/chesetti/projects/breakout/build/CMakeFiles/CMakeTmp/CheckSymbolExists.c:
/* */
#include <pthread.h>

int main(int argc, char** argv)
{
  (void)argv;
#ifndef pthread_create
  return ((int*)(&pthread_create))[argc];
#else
  (void)argc;
  return 0;
#endif
}

Determining if the function pthread_create exists in the pthreads failed with the following output:
Change Dir: /home/chesetti/projects/breakout/build/CMakeFiles/CMakeTmp

Run Build Command:"/usr/bin/ninja" "cmTC_26633"
[1/2] Building C object CMakeFiles/cmTC_26633.dir/CheckFunctionExists.c.o
[2/2] Linking C executable cmTC_26633
FAILED: cmTC_26633 
: && /usr/bin/cc -DCHECK_FUNCTION_EXISTS=pthread_create  -rdynamic CMakeFiles/cmTC_26633.dir/CheckFunctionExists.c.o  -o cmTC_26633  -lpthreads && :
/usr/bin/ld: cannot find -lpthreads
collect2: error: ld returned 1 exit status
ninja: build stopped: subcommand failed.


Determining if the pthread_create exist failed with the following output:
Change Dir: /home/chesetti/projects/breakout/build/CMakeFiles/CMakeTmp

Run Build Command:"/usr/bin/ninja" "cmTC_57304"
[1/2] Building C object CMakeFiles/cmTC_57304.dir/CheckSymbolExists.c.o
[2/2] Linking C executable cmTC_57304
FAILED: cmTC_57304 
: && /usr/bin/cc   -rdynamic CMakeFiles/cmTC_57304.dir/CheckSymbolExists.c.o  -o cmTC_57304   && :
CMakeFiles/cmTC_57304.dir/CheckSymbolExists.c.o: In function `main':
CheckSymbolExists.c:(.text+0x1b): undefined reference to `pthread_create'
collect2: error: ld returned 1 exit status
ninja: build stopped: subcommand failed.

File /home/chesetti/projects/breakout/build/CMakeFiles/CMakeTmp/CheckSymbolExists.c:
/* */
#include <pthread.h>

int main(int argc, char** argv)
{
  (void)argv;
#ifndef pthread_create
  return ((int*)(&pthread_create))[argc];
#else
  (void)argc;
  return 0;
#endif
}

Determining if the function pthread_create exists in the pthreads failed with the following output:
Change Dir: /home/chesetti/projects/breakout/build/CMakeFiles/CMakeTmp

Run Build Command:"/usr/bin/ninja" "cmTC_e84c6"
[1/2] Building C object CMakeFiles/cmTC_e84c6.dir/CheckFunctionExists.c.o
[2/2] Linking C executable cmTC_e84c6
FAILED: cmTC_e84c6 
: && /usr/bin/cc -DCHECK_FUNCTION_EXISTS=pthread_create  -rdynamic CMakeFiles/cmTC_e84c6.dir/CheckFunctionExists.c.o  -o cmTC_e84c6  -lpthreads && :
/usr/bin/ld: cannot find -lpthreads
collect2: error: ld returned 1 exit status
ninja: build stopped: subcommand failed.


Determining if the pthread_create exist failed with the following output:
Change Dir: /home/chesetti/projects/breakout/build/CMakeFiles/CMakeTmp

Run Build Command:"/usr/bin/ninja" "cmTC_99dd5"
[1/2] Building C object CMakeFiles/cmTC_99dd5.dir/CheckSymbolExists.c.o
[2/2] Linking C executable cmTC_99dd5
FAILED: cmTC_99dd5 
: && /usr/bin/cc   -rdynamic CMakeFiles/cmTC_99dd5.dir/CheckSymbolExists.c.o  -o cmTC_99dd5   && :
CMakeFiles/cmTC_99dd5.dir/CheckSymbolExists.c.o: In function `main':
CheckSymbolExists.c:(.text+0x1b): undefined reference to `pthread_create'
collect2: error: ld returned 1 exit status
ninja: build stopped: subcommand failed.

File /home/chesetti/projects/breakout/build/CMakeFiles/CMakeTmp/CheckSymbolExists.c:
/* */
#include <pthread.h>

int main(int argc, char** argv)
{
  (void)argv;
#ifndef pthread_create
  return ((int*)(&pthread_create))[argc];
#else
  (void)argc;
  return 0;
#endif
}

Determining if the function pthread_create exists in the pthreads failed with the following output:
Change Dir: /home/chesetti/projects/breakout/build/CMakeFiles/CMakeTmp

Run Build Command:"/usr/bin/ninja" "cmTC_9630b"
[1/2] Building C object CMakeFiles/cmTC_9630b.dir/CheckFunctionExists.c.o
[2/2] Linking C executable cmTC_9630b
FAILED: cmTC_9630b 
: && /usr/bin/cc -DCHECK_FUNCTION_EXISTS=pthread_create  -rdynamic CMakeFiles/cmTC_9630b.dir/CheckFunctionExists.c.o  -o cmTC_9630b  -lpthreads && :
/usr/bin/ld: cannot find -lpthreads
collect2: error: ld returned 1 exit status
ninja: build stopped: subcommand failed.


Determining if the pthread_create exist failed with the following output:
Change Dir: /home/chesetti/projects/breakout/build/CMakeFiles/CMakeTmp

Run Build Command:"/usr/bin/ninja" "cmTC_14768"
[1/2] Building C object CMakeFiles/cmTC_14768.dir/CheckSymbolExists.c.o
[2/2] Linking C executable cmTC_14768
FAILED: cmTC_14768 
: && /usr/bin/cc   -rdynamic CMakeFiles/cmTC_14768.dir/CheckSymbolExists.c.o  -o cmTC_14768   && :
CMakeFiles/cmTC_14768.dir/CheckSymbolExists.c.o: In function `main':
CheckSymbolExists.c:(.text+0x1b): undefined reference to `pthread_create'
collect2: error: ld returned 1 exit status
ninja: build stopped: subcommand failed.

File /home/chesetti/projects/breakout/build/CMakeFiles/CMakeTmp/CheckSymbolExists.c:
/* */
#include <pthread.h>

int main(int argc, char** argv)
{
  (void)argv;
#ifndef pthread_create
  return ((int*)(&pthread_create))[argc];
#else
  (void)argc;
  return 0;
#endif
}

Determining if the function pthread_create exists in the pthreads failed with the following output:
Change Dir: /home/chesetti/projects/breakout/build/CMakeFiles/CMakeTmp

Run Build Command:"/usr/bin/ninja" "cmTC_ef2d7"
[1/2] Building C object CMakeFiles/cmTC_ef2d7.dir/CheckFunctionExists.c.o
[2/2] Linking C executable cmTC_ef2d7
FAILED: cmTC_ef2d7 
: && /usr/bin/cc -DCHECK_FUNCTION_EXISTS=pthread_create  -rdynamic CMakeFiles/cmTC_ef2d7.dir/CheckFunctionExists.c.o  -o cmTC_ef2d7  -lpthreads && :
/usr/bin/ld: cannot find -lpthreads
collect2: error: ld returned 1 exit status
ninja: build stopped: subcommand failed.


Determining if the pthread_create exist failed with the following output:
Change Dir: /home/chesetti/projects/breakout/build/CMakeFiles/CMakeTmp

Run Build Command:"/usr/bin/ninja" "cmTC_defb9"
[1/2] Building C object CMakeFiles/cmTC_defb9.dir/CheckSymbolExists.c.o
[2/2] Linking C executable cmTC_defb9
FAILED: cmTC_defb9 
: && /usr/bin/cc   -rdynamic CMakeFiles/cmTC_defb9.dir/CheckSymbolExists.c.o  -o cmTC_defb9   && :
CMakeFiles/cmTC_defb9.dir/CheckSymbolExists.c.o: In function `main':
CheckSymbolExists.c:(.text+0x1b): undefined reference to `pthread_create'
collect2: error: ld returned 1 exit status
ninja: build stopped: subcommand failed.

File /home/chesetti/projects/breakout/build/CMakeFiles/CMakeTmp/CheckSymbolExists.c:
/* */
#include <pthread.h>

int main(int argc, char** argv)
{
  (void)argv;
#ifndef pthread_create
  return ((int*)(&pthread_create))[argc];
#else
  (void)argc;
  return 0;
#endif
}

Determining if the function pthread_create exists in the pthreads failed with the following output:
Change Dir: /home/chesetti/projects/breakout/build/CMakeFiles/CMakeTmp

Run Build Command:"/usr/bin/ninja" "cmTC_813a2"
[1/2] Building C object CMakeFiles/cmTC_813a2.dir/CheckFunctionExists.c.o
[2/2] Linking C executable cmTC_813a2
FAILED: cmTC_813a2 
: && /usr/bin/cc -DCHECK_FUNCTION_EXISTS=pthread_create  -rdynamic CMakeFiles/cmTC_813a2.dir/CheckFunctionExists.c.o  -o cmTC_813a2  -lpthreads && :
/usr/bin/ld: cannot find -lpthreads
collect2: error: ld returned 1 exit status
ninja: build stopped: subcommand failed.


Determining if the pthread_create exist failed with the following output:
Change Dir: /home/chesetti/projects/breakout/build/CMakeFiles/CMakeTmp

Run Build Command:"/usr/bin/ninja" "cmTC_3ceac"
[1/2] Building C object CMakeFiles/cmTC_3ceac.dir/CheckSymbolExists.c.o
[2/2] Linking C executable cmTC_3ceac
FAILED: cmTC_3ceac 
: && /usr/bin/cc   -rdynamic CMakeFiles/cmTC_3ceac.dir/CheckSymbolExists.c.o  -o cmTC_3ceac   && :
CMakeFiles/cmTC_3ceac.dir/CheckSymbolExists.c.o: In function `main':
CheckSymbolExists.c:(.text+0x1b): undefined reference to `pthread_create'
collect2: error: ld returned 1 exit status
ninja: build stopped: subcommand failed.

File /home/chesetti/projects/breakout/build/CMakeFiles/CMakeTmp/CheckSymbolExists.c:
/* */
#include <pthread.h>

int main(int argc, char** argv)
{
  (void)argv;
#ifndef pthread_create
  return ((int*)(&pthread_create))[argc];
#else
  (void)argc;
  return 0;
#endif
}

Determining if the function pthread_create exists in the pthreads failed with the following output:
Change Dir: /home/chesetti/projects/breakout/build/CMakeFiles/CMakeTmp

Run Build Command:"/usr/bin/ninja" "cmTC_02c4a"
[1/2] Building C object CMakeFiles/cmTC_02c4a.dir/CheckFunctionExists.c.o
[2/2] Linking C executable cmTC_02c4a
FAILED: cmTC_02c4a 
: && /usr/bin/cc -DCHECK_FUNCTION_EXISTS=pthread_create  -rdynamic CMakeFiles/cmTC_02c4a.dir/CheckFunctionExists.c.o  -o cmTC_02c4a  -lpthreads && :
/usr/bin/ld: cannot find -lpthreads
collect2: error: ld returned 1 exit status
ninja: build stopped: subcommand failed.


Determining if the pthread_create exist failed with the following output:
Change Dir: /home/chesetti/projects/breakout/build/CMakeFiles/CMakeTmp

Run Build Command:"/usr/bin/ninja" "cmTC_f5ff1"
[1/2] Building C object CMakeFiles/cmTC_f5ff1.dir/CheckSymbolExists.c.o
[2/2] Linking C executable cmTC_f5ff1
FAILED: cmTC_f5ff1 
: && /usr/bin/cc   -rdynamic CMakeFiles/cmTC_f5ff1.dir/CheckSymbolExists.c.o  -o cmTC_f5ff1   && :
CMakeFiles/cmTC_f5ff1.dir/CheckSymbolExists.c.o: In function `main':
CheckSymbolExists.c:(.text+0x1b): undefined reference to `pthread_create'
collect2: error: ld returned 1 exit status
ninja: build stopped: subcommand failed.

File /home/chesetti/projects/breakout/build/CMakeFiles/CMakeTmp/CheckSymbolExists.c:
/* */
#include <pthread.h>

int main(int argc, char** argv)
{
  (void)argv;
#ifndef pthread_create
  return ((int*)(&pthread_create))[argc];
#else
  (void)argc;
  return 0;
#endif
}

Determining if the function pthread_create exists in the pthreads failed with the following output:
Change Dir: /home/chesetti/projects/breakout/build/CMakeFiles/CMakeTmp

Run Build Command:"/usr/bin/ninja" "cmTC_fb811"
[1/2] Building C object CMakeFiles/cmTC_fb811.dir/CheckFunctionExists.c.o
[2/2] Linking C executable cmTC_fb811
FAILED: cmTC_fb811 
: && /usr/bin/cc -DCHECK_FUNCTION_EXISTS=pthread_create  -rdynamic CMakeFiles/cmTC_fb811.dir/CheckFunctionExists.c.o  -o cmTC_fb811  -lpthreads && :
/usr/bin/ld: cannot find -lpthreads
collect2: error: ld returned 1 exit status
ninja: build stopped: subcommand failed.


